<?xml version="1.0" encoding="UTF-8"?>
<!-- Generated by org.testng.reporters.JUnitXMLReporter -->
<testsuite ignored="3" hostname="Archana" failures="0" tests="1" name="Default test" time="0.096" errors="0" timestamp="2023-02-08T18:19:42 IST">
  <testcase classname="TestNgFramework.DemoClass" name="evening" time="0.014"/>
  <testcase classname="TestNgFramework.DemoClass" name="afternoon" time="0.0">
    <ignored/>
  </testcase> <!-- afternoon -->
  <testcase classname="TestNgFramework.DemoClass" name="night" time="0.0">
    <ignored/>
  </testcase> <!-- night -->
  <testcase classname="TestNgFramework.DemoClass" name="morning" time="0.0">
    <ignored/>
  </testcase> <!-- morning -->
</testsuite> <!-- Default test -->
